[NX Daemon Server] - 2025-01-28T05:59:16.544Z - Started listening on: /tmp/981d5295023d69f8109f/d.sock
[NX Daemon Server] - 2025-01-28T05:59:16.552Z - [WATCHER]: Subscribed to changes within: /home/novrialsandi/Dev/main/test-illustration (native)
[NX Daemon Server] - 2025-01-28T05:59:16.557Z - Established a connection. Number of open connections: 1
[NX Daemon Server] - 2025-01-28T05:59:16.558Z - Established a connection. Number of open connections: 2
[NX Daemon Server] - 2025-01-28T05:59:16.562Z - Closed a connection. Number of open connections: 1
[NX Daemon Server] - 2025-01-28T05:59:16.565Z - [REQUEST]: Client Request for Project Graph Received
[NX Daemon Server] - 2025-01-28T05:59:16.588Z - Time taken for 'loadSpecifiedNxPlugins' 3.479717999999991ms
[NX Daemon Server] - 2025-01-28T05:59:17.046Z - Time taken for 'Load Nx Plugin: /home/novrialsandi/Dev/main/test-illustration/node_modules/nx/src/plugins/package-json' 476.37811ms
[NX Daemon Server] - 2025-01-28T05:59:17.066Z - Time taken for 'Load Nx Plugin: /home/novrialsandi/Dev/main/test-illustration/node_modules/nx/src/plugins/project-json/build-nodes/project-json' 495.40017400000005ms
[NX Daemon Server] - 2025-01-28T05:59:17.071Z - [REQUEST]: Updated workspace context based on watched changes, recomputing project graph...
[NX Daemon Server] - 2025-01-28T05:59:17.071Z - [REQUEST]: 
[NX Daemon Server] - 2025-01-28T05:59:17.071Z - [REQUEST]: 
[NX Daemon Server] - 2025-01-28T05:59:17.092Z - Time taken for 'loadDefaultNxPlugins' 502.81305000000003ms
[NX Daemon Server] - 2025-01-28T05:59:17.182Z - Time taken for 'build-project-configs' 68.99177499999996ms
[NX Daemon Server] - 2025-01-28T05:59:17.419Z - [SYNC]: collect registered sync generators
[NX Daemon Server] - 2025-01-28T05:59:17.422Z - [REQUEST]: Responding to the client. project-graph
[NX Daemon Server] - 2025-01-28T05:59:17.424Z - Time taken for 'total for creating and serializing project graph' 856.517675ms
[NX Daemon Server] - 2025-01-28T05:59:17.426Z - Done responding to the client project-graph
[NX Daemon Server] - 2025-01-28T05:59:17.427Z - Handled REQUEST_PROJECT_GRAPH. Handling time: 856. Response time: 6.
[NX Daemon Server] - 2025-01-28T05:59:17.444Z - [REQUEST]: Responding to the client. handleContextFileData
[NX Daemon Server] - 2025-01-28T05:59:17.445Z - Done responding to the client handleContextFileData
[NX Daemon Server] - 2025-01-28T05:59:17.445Z - Handled GET_CONTEXT_FILE_DATA. Handling time: 1. Response time: 1.
[NX Daemon Server] - 2025-01-28T05:59:17.534Z - [REQUEST]: Client Request for Project Graph Received
[NX Daemon Server] - 2025-01-28T05:59:17.535Z - [REQUEST]: Responding to the client. project-graph
[NX Daemon Server] - 2025-01-28T05:59:17.536Z - Time taken for 'total for creating and serializing project graph' 0.47148300000003474ms
[NX Daemon Server] - 2025-01-28T05:59:17.537Z - Done responding to the client project-graph
[NX Daemon Server] - 2025-01-28T05:59:17.537Z - Handled REQUEST_PROJECT_GRAPH. Handling time: 1. Response time: 2.
[NX Daemon Server] - 2025-01-28T05:59:17.554Z - [REQUEST]: Responding to the client. handleRunPreTasksExecution
[NX Daemon Server] - 2025-01-28T05:59:17.555Z - Done responding to the client handleRunPreTasksExecution
[NX Daemon Server] - 2025-01-28T05:59:17.555Z - Handled PRE_TASKS_EXECUTION. Handling time: 2. Response time: 1.
[NX Daemon Server] - 2025-01-28T05:59:17.555Z - Time taken for 'preTasksExecution' 1.5198279999999613ms
[NX Daemon Server] - 2025-01-28T05:59:17.647Z - [REQUEST]: Responding to the client. handleHashTasks
[NX Daemon Server] - 2025-01-28T05:59:17.648Z - Done responding to the client handleHashTasks
[NX Daemon Server] - 2025-01-28T05:59:17.648Z - Handled HASH_TASKS. Handling time: 25. Response time: 1.
[NX Daemon Server] - 2025-01-28T05:59:17.690Z - [REQUEST]: Responding to the client. handleGetEstimatedTaskTimings
[NX Daemon Server] - 2025-01-28T05:59:17.691Z - Done responding to the client handleGetEstimatedTaskTimings
[NX Daemon Server] - 2025-01-28T05:59:17.691Z - Handled GET_ESTIMATED_TASK_TIMINGS. Handling time: 2. Response time: 1.
[NX Daemon Server] - 2025-01-28T05:59:18.500Z - [REQUEST]: Responding to the client. recordOutputsHash
[NX Daemon Server] - 2025-01-28T05:59:18.500Z - Done responding to the client recordOutputsHash
[NX Daemon Server] - 2025-01-28T05:59:18.500Z - Handled RECORD_OUTPUTS_HASH. Handling time: 1. Response time: 0.
[NX Daemon Server] - 2025-01-28T05:59:18.510Z - [REQUEST]: Responding to the client. recordOutputsHash
[NX Daemon Server] - 2025-01-28T05:59:18.510Z - Done responding to the client recordOutputsHash
[NX Daemon Server] - 2025-01-28T05:59:18.510Z - Handled RECORD_OUTPUTS_HASH. Handling time: 0. Response time: 0.
[NX Daemon Server] - 2025-01-28T05:59:18.539Z - [REQUEST]: Responding to the client. handleRecordTaskRuns
[NX Daemon Server] - 2025-01-28T05:59:18.540Z - Done responding to the client handleRecordTaskRuns
[NX Daemon Server] - 2025-01-28T05:59:18.540Z - Handled RECORD_TASK_RUNS. Handling time: 26. Response time: 1.
[NX Daemon Server] - 2025-01-28T05:59:18.542Z - [REQUEST]: Responding to the client. handleGetFlakyTasks
[NX Daemon Server] - 2025-01-28T05:59:18.542Z - Done responding to the client handleGetFlakyTasks
[NX Daemon Server] - 2025-01-28T05:59:18.542Z - Handled GET_FLAKY_TASKS. Handling time: 1. Response time: 0.
[NX Daemon Server] - 2025-01-28T05:59:18.550Z - [REQUEST]: Responding to the client. handleRunPostTasksExecution
[NX Daemon Server] - 2025-01-28T05:59:18.550Z - Done responding to the client handleRunPostTasksExecution
[NX Daemon Server] - 2025-01-28T05:59:18.550Z - Handled POST_TASKS_EXECUTION. Handling time: 1. Response time: 0.
[NX Daemon Server] - 2025-01-28T05:59:18.551Z - Time taken for 'postTasksExecution' 0.3678589999999531ms
[NX Daemon Server] - 2025-01-28T05:59:18.571Z - Closed a connection. Number of open connections: 0
[NX Daemon Server] - 2025-01-28T05:59:20.046Z - [WATCHER]: Processing file changes in outputs
[NX Daemon Server] - 2025-01-28T05:59:22.640Z - [WATCHER]: nx.json was deleted
[NX Daemon Server] - 2025-01-28T05:59:22.641Z - [WATCHER]: Processing file changes in outputs
[NX Daemon Server] - 2025-01-28T05:59:22.742Z - [REQUEST]: Updated workspace context based on watched changes, recomputing project graph...
[NX Daemon Server] - 2025-01-28T05:59:22.742Z - [REQUEST]: 
[NX Daemon Server] - 2025-01-28T05:59:22.742Z - [REQUEST]: nx.json
[NX Daemon Server] - 2025-01-28T05:59:22.776Z - Time taken for 'hash changed files from watcher' 0.15681599999970786ms
[NX Daemon Server] - 2025-01-28T05:59:22.785Z - Time taken for 'build-project-configs' 30.44446599999992ms
[NX Daemon Server] - 2025-01-28T05:59:22.791Z - [SYNC]: collect registered sync generators
[NX Daemon Server] - 2025-01-28T05:59:22.791Z - [SYNC]: nx.json hash is the same, not collecting global sync generators
[NX Daemon Server] - 2025-01-28T05:59:22.792Z - Time taken for 'total execution time for createProjectGraph()' 4.463592000000062ms
[NX Daemon Server] - 2025-01-28T05:59:36.409Z - [WATCHER]: Processing file changes in outputs
[NX Daemon Server] - 2025-01-28T05:59:36.410Z - [WATCHER]: package.json was modified
[NX Daemon Server] - 2025-01-28T05:59:36.611Z - [REQUEST]: Updated workspace context based on watched changes, recomputing project graph...
[NX Daemon Server] - 2025-01-28T05:59:36.611Z - [REQUEST]: package.json
[NX Daemon Server] - 2025-01-28T05:59:36.611Z - [REQUEST]: 
[NX Daemon Server] - 2025-01-28T05:59:36.617Z - Time taken for 'hash changed files from watcher' 0.14251399999920977ms
[NX Daemon Server] - 2025-01-28T05:59:36.622Z - Time taken for 'build-project-configs' 8.480312000003323ms
[NX Daemon Server] - 2025-01-28T05:59:36.625Z - [SYNC]: collect registered sync generators
[NX Daemon Server] - 2025-01-28T05:59:36.625Z - [SYNC]: project graph hash is the same, not collecting task sync generators
[NX Daemon Server] - 2025-01-28T05:59:36.625Z - [SYNC]: nx.json hash is the same, not collecting global sync generators
[NX Daemon Server] - 2025-01-28T05:59:36.625Z - Time taken for 'total execution time for createProjectGraph()' 2.787133999998332ms
[NX Daemon Server] - 2025-01-28T06:00:21.987Z - [WATCHER]: Processing file changes in outputs
[NX Daemon Server] - 2025-01-28T06:00:21.987Z - [WATCHER]: nx.json was created or restored
[NX Daemon Server] - 2025-01-28T06:00:22.087Z - [REQUEST]: Updated workspace context based on watched changes, recomputing project graph...
[NX Daemon Server] - 2025-01-28T06:00:22.087Z - [REQUEST]: nx.json
[NX Daemon Server] - 2025-01-28T06:00:22.087Z - [REQUEST]: 
[NX Daemon Server] - 2025-01-28T06:00:22.091Z - Time taken for 'hash changed files from watcher' 0.13549499999498948ms
[NX Daemon Server] - 2025-01-28T06:00:22.111Z - Time taken for 'build-project-configs' 17.57663200001116ms
[NX Daemon Server] - 2025-01-28T06:00:22.142Z - [SYNC]: collect registered sync generators
[NX Daemon Server] - 2025-01-28T06:00:22.143Z - [SYNC]: nx.json hash is the same, not collecting global sync generators
[NX Daemon Server] - 2025-01-28T06:00:22.143Z - Time taken for 'total execution time for createProjectGraph()' 27.68815300001006ms
[NX Daemon Server] - 2025-01-28T06:00:30.929Z - Established a connection. Number of open connections: 1
[NX Daemon Server] - 2025-01-28T06:00:30.931Z - Closed a connection. Number of open connections: 0
[NX Daemon Server] - 2025-01-28T06:00:30.932Z - Established a connection. Number of open connections: 1
[NX Daemon Server] - 2025-01-28T06:00:30.934Z - [REQUEST]: Client Request for Project Graph Received
[NX Daemon Server] - 2025-01-28T06:00:30.935Z - [REQUEST]: Responding to the client. project-graph
[NX Daemon Server] - 2025-01-28T06:00:30.936Z - Time taken for 'total for creating and serializing project graph' 0.47905500000342727ms
[NX Daemon Server] - 2025-01-28T06:00:30.938Z - Done responding to the client project-graph
[NX Daemon Server] - 2025-01-28T06:00:30.938Z - Handled REQUEST_PROJECT_GRAPH. Handling time: 1. Response time: 3.
[NX Daemon Server] - 2025-01-28T06:00:30.949Z - [REQUEST]: Responding to the client. handleContextFileData
[NX Daemon Server] - 2025-01-28T06:00:30.949Z - Done responding to the client handleContextFileData
[NX Daemon Server] - 2025-01-28T06:00:30.949Z - Handled GET_CONTEXT_FILE_DATA. Handling time: 1. Response time: 0.
[NX Daemon Server] - 2025-01-28T06:00:31.001Z - [REQUEST]: Client Request for Project Graph Received
[NX Daemon Server] - 2025-01-28T06:00:31.001Z - [REQUEST]: Responding to the client. project-graph
[NX Daemon Server] - 2025-01-28T06:00:31.002Z - Time taken for 'total for creating and serializing project graph' 0.34228700000676326ms
[NX Daemon Server] - 2025-01-28T06:00:31.003Z - Done responding to the client project-graph
[NX Daemon Server] - 2025-01-28T06:00:31.003Z - Handled REQUEST_PROJECT_GRAPH. Handling time: 0. Response time: 2.
[NX Daemon Server] - 2025-01-28T06:00:31.010Z - [REQUEST]: Responding to the client. handleRunPreTasksExecution
[NX Daemon Server] - 2025-01-28T06:00:31.011Z - Done responding to the client handleRunPreTasksExecution
[NX Daemon Server] - 2025-01-28T06:00:31.011Z - Handled PRE_TASKS_EXECUTION. Handling time: 0. Response time: 1.
[NX Daemon Server] - 2025-01-28T06:00:31.011Z - Time taken for 'preTasksExecution' 0.18265200000314508ms
[NX Daemon Server] - 2025-01-28T06:00:31.045Z - [REQUEST]: Responding to the client. handleHashTasks
[NX Daemon Server] - 2025-01-28T06:00:31.045Z - Done responding to the client handleHashTasks
[NX Daemon Server] - 2025-01-28T06:00:31.045Z - Handled HASH_TASKS. Handling time: 21. Response time: 0.
[NX Daemon Server] - 2025-01-28T06:00:31.075Z - [REQUEST]: Responding to the client. handleGetEstimatedTaskTimings
[NX Daemon Server] - 2025-01-28T06:00:31.076Z - Done responding to the client handleGetEstimatedTaskTimings
[NX Daemon Server] - 2025-01-28T06:00:31.076Z - Handled GET_ESTIMATED_TASK_TIMINGS. Handling time: 0. Response time: 1.
[NX Daemon Server] - 2025-01-28T06:00:31.935Z - [REQUEST]: Responding to the client. recordOutputsHash
[NX Daemon Server] - 2025-01-28T06:00:31.935Z - Done responding to the client recordOutputsHash
[NX Daemon Server] - 2025-01-28T06:00:31.936Z - Handled RECORD_OUTPUTS_HASH. Handling time: 0. Response time: 1.
[NX Daemon Server] - 2025-01-28T06:00:31.946Z - [REQUEST]: Responding to the client. recordOutputsHash
[NX Daemon Server] - 2025-01-28T06:00:31.946Z - Done responding to the client recordOutputsHash
[NX Daemon Server] - 2025-01-28T06:00:31.947Z - Handled RECORD_OUTPUTS_HASH. Handling time: 0. Response time: 1.
[NX Daemon Server] - 2025-01-28T06:00:31.955Z - [REQUEST]: Responding to the client. handleRecordTaskRuns
[NX Daemon Server] - 2025-01-28T06:00:31.955Z - Done responding to the client handleRecordTaskRuns
[NX Daemon Server] - 2025-01-28T06:00:31.955Z - Handled RECORD_TASK_RUNS. Handling time: 4. Response time: 0.
[NX Daemon Server] - 2025-01-28T06:00:31.958Z - [REQUEST]: Responding to the client. handleGetFlakyTasks
[NX Daemon Server] - 2025-01-28T06:00:31.958Z - Done responding to the client handleGetFlakyTasks
[NX Daemon Server] - 2025-01-28T06:00:31.958Z - Handled GET_FLAKY_TASKS. Handling time: 1. Response time: 0.
[NX Daemon Server] - 2025-01-28T06:00:31.964Z - [REQUEST]: Responding to the client. handleRunPostTasksExecution
[NX Daemon Server] - 2025-01-28T06:00:31.964Z - Done responding to the client handleRunPostTasksExecution
[NX Daemon Server] - 2025-01-28T06:00:31.964Z - Handled POST_TASKS_EXECUTION. Handling time: 0. Response time: 0.
[NX Daemon Server] - 2025-01-28T06:00:31.965Z - Time taken for 'postTasksExecution' 0.38084600000001956ms
[NX Daemon Server] - 2025-01-28T06:00:31.986Z - Closed a connection. Number of open connections: 0
[NX Daemon Server] - 2025-01-28T06:00:33.561Z - [WATCHER]: Processing file changes in outputs
[NX Daemon Server] - 2025-01-28T06:11:15.081Z - [WATCHER]: 1 file(s) created or restored, 0 file(s) modified, 1 file(s) deleted
[NX Daemon Server] - 2025-01-28T06:11:15.083Z - [WATCHER]: Processing file changes in outputs
[NX Daemon Server] - 2025-01-28T06:11:15.185Z - [REQUEST]: Updated workspace context based on watched changes, recomputing project graph...
[NX Daemon Server] - 2025-01-28T06:11:15.185Z - [REQUEST]: packages/client/nx.json
[NX Daemon Server] - 2025-01-28T06:11:15.185Z - [REQUEST]: nx.json
[NX Daemon Server] - 2025-01-28T06:11:15.191Z - Time taken for 'hash changed files from watcher' 0.28114700003061444ms
[NX Daemon Server] - 2025-01-28T06:11:15.201Z - Time taken for 'build-project-configs' 9.912865999969654ms
[NX Daemon Server] - 2025-01-28T06:11:15.209Z - [SYNC]: collect registered sync generators
[NX Daemon Server] - 2025-01-28T06:11:15.210Z - [SYNC]: nx.json hash is the same, not collecting global sync generators
[NX Daemon Server] - 2025-01-28T06:11:15.210Z - Time taken for 'total execution time for createProjectGraph()' 5.811129999929108ms
[NX Daemon Server] - 2025-01-28T06:11:23.516Z - [WATCHER]: Processing file changes in outputs
